<?xml version="1.0" encoding="utf-8"?><testsuites name="pytest tests"><testsuite name="pytest" errors="0" failures="0" skipped="0" tests="11" time="5.108" timestamp="2026-02-21T08:53:43.775132+00:00" hostname="agent-env-0a3e1b35-326f-4b47-836e-fd664a52e16f"><testcase classname="backend.tests.test_chat_system.TestChatAuthentication" name="test_admin_login" time="0.467" /><testcase classname="backend.tests.test_chat_system.TestChatAuthentication" name="test_regular_user_login" time="0.351" /><testcase classname="backend.tests.test_chat_system.TestChatMessagesAPI" name="test_get_chat_messages_authenticated" time="0.444" /><testcase classname="backend.tests.test_chat_system.TestChatMessagesAPI" name="test_get_chat_messages_unauthenticated" time="0.444" /><testcase classname="backend.tests.test_chat_system.TestAdminChatsAPI" name="test_admin_get_chats" time="0.549" /><testcase classname="backend.tests.test_chat_system.TestAdminChatsAPI" name="test_admin_chats_requires_admin" time="0.423" /><testcase classname="backend.tests.test_chat_system.TestAdminChatsAPI" name="test_admin_chats_unauthenticated" time="0.101" /><testcase classname="backend.tests.test_chat_system.TestChatSystemIntegration" name="test_admin_user_is_admin" time="0.434" /><testcase classname="backend.tests.test_chat_system.TestChatSystemIntegration" name="test_regular_user_is_not_admin" time="0.359" /><testcase classname="backend.tests.test_chat_system.TestChatSystemIntegration" name="test_chat_id_format" time="0.341" /><testcase classname="backend.tests.test_chat_system.TestChatSystemIntegration" name="test_full_chat_flow" time="1.137" /></testsuite></testsuites>