<?xml version="1.0" encoding="utf-8"?><testsuites name="pytest tests"><testsuite name="pytest" errors="1" failures="0" skipped="0" tests="1" time="0.201" timestamp="2026-02-22T01:27:09.396175+00:00" hostname="agent-env-833992d1-419f-4845-9433-caf7e49e3b81"><testcase classname="" name="backend.tests.test_regression_p1" time="0.000"><error message="collection failure">ImportError while importing test module '/app/backend/tests/test_regression_p1.py'.
Hint: make sure your test modules/packages have valid Python names.
Traceback:
/usr/local/lib/python3.11/importlib/__init__.py:126: in import_module
    return _bootstrap._gcd_import(name[level:], package, level)
           ^^^^^^^^^^^^^^^^^^^^^^^^^^^^^^^^^^^^^^^^^^^^^^^^^^^^
backend/tests/test_regression_p1.py:7: in &lt;module&gt;
    import websocket
E   ModuleNotFoundError: No module named 'websocket'</error></testcase></testsuite></testsuites>