<?xml version="1.0" encoding="utf-8"?><testsuites name="pytest tests"><testsuite name="pytest" errors="0" failures="0" skipped="1" tests="7" time="5.279" timestamp="2026-02-15T17:59:02.224506+00:00" hostname="agent-env-d5f6c7fa-3588-48b7-9877-a9e0a6524b6c"><testcase classname="backend.tests.test_cloudz_ledger.TestCloudzLedger" name="test_1_ledger_endpoint_returns_array" time="0.661" /><testcase classname="backend.tests.test_cloudz_ledger.TestCloudzLedger" name="test_2_admin_adjustment_creates_ledger_entry" time="0.697" /><testcase classname="backend.tests.test_cloudz_ledger.TestCloudzLedger" name="test_3_tier_redemption_creates_ledger_entry" time="0.520"><skipped type="pytest.skip" message="User already has active tier_1 reward - can't test duplicate redemption">/app/backend/tests/test_cloudz_ledger.py:135: User already has active tier_1 reward - can't test duplicate redemption</skipped></testcase><testcase classname="backend.tests.test_cloudz_ledger.TestCloudzLedger" name="test_4_purchase_reward_creates_ledger_entry" time="0.841" /><testcase classname="backend.tests.test_cloudz_ledger.TestCloudzLedger" name="test_5_referral_bonus_creates_ledger_entries" time="1.320" /><testcase classname="backend.tests.test_cloudz_ledger.TestCloudzLedger" name="test_6_balance_after_field_accuracy" time="0.755" /><testcase classname="backend.tests.test_cloudz_ledger.TestLedgerEntryTypes" name="test_ledger_has_expected_types" time="0.410" /></testsuite></testsuites>