<?xml version="1.0" encoding="utf-8"?><testsuites name="pytest tests"><testsuite name="pytest" errors="0" failures="0" skipped="0" tests="13" time="1.976" timestamp="2026-02-21T10:06:15.008885+00:00" hostname="agent-env-21e70732-3568-4d65-ad21-b5a05c1c4761"><testcase classname="tests.test_p0_features.TestLogin" name="test_admin_login" time="0.524" /><testcase classname="tests.test_p0_features.TestChatAPI" name="test_get_chat_messages" time="0.543" /><testcase classname="tests.test_p0_features.TestChatAPI" name="test_get_chat_messages_requires_auth" time="0.101" /><testcase classname="tests.test_p0_features.TestChatAPI" name="test_admin_get_chat_sessions" time="0.590" /><testcase classname="tests.test_p0_features.TestProducts" name="test_get_products" time="0.165" /><testcase classname="tests.test_p0_features.TestCartDiscountLogic" name="test_discount_constants" time="0.000" /><testcase classname="tests.test_p0_features.TestCartDiscountLogic" name="test_get_discount_function" time="0.000" /><testcase classname="tests.test_p0_features.TestCartDiscountLogic" name="test_get_total_function" time="0.000" /><testcase classname="tests.test_p0_features.TestCartDiscountLogic" name="test_cart_ui_shows_discount_hint" time="0.000" /><testcase classname="tests.test_p0_features.TestChatFeatures" name="test_typing_indicator_component" time="0.000" /><testcase classname="tests.test_p0_features.TestChatFeatures" name="test_read_receipts_implementation" time="0.000" /><testcase classname="tests.test_p0_features.TestChatFeatures" name="test_websocket_typing_handling" time="0.000" /><testcase classname="tests.test_p0_features.TestChatFeatures" name="test_websocket_read_handling" time="0.000" /></testsuite></testsuites>