<?xml version="1.0" encoding="utf-8"?><testsuites name="pytest tests"><testsuite name="pytest" errors="0" failures="0" skipped="0" tests="13" time="4.391" timestamp="2026-02-15T21:08:05.142793+00:00" hostname="agent-env-9e4857b0-f178-48b9-86b4-59c673265042"><testcase classname="backend.tests.test_streak_bonus.TestStreakEndpoint" name="test_streak_endpoint_returns_correct_fields" time="0.562" /><testcase classname="backend.tests.test_streak_bonus.TestStreakEndpoint" name="test_streak_endpoint_without_auth_returns_403" time="0.119" /><testcase classname="backend.tests.test_streak_bonus.TestStreakEndpoint" name="test_streak_endpoint_with_invalid_token_returns_401" time="0.125" /><testcase classname="backend.tests.test_streak_bonus.TestStreakEndpoint" name="test_new_user_has_zero_streak" time="0.526" /><testcase classname="backend.tests.test_streak_bonus.TestStreakEndpoint" name="test_iso_week_and_year_match_current_date" time="0.114" /><testcase classname="backend.tests.test_streak_bonus.TestStreakEndpoint" name="test_days_until_expiry_is_valid_range" time="0.129" /><testcase classname="backend.tests.test_streak_bonus.TestStreakBonusScale" name="test_streak_1_has_zero_bonus" time="0.499" /><testcase classname="backend.tests.test_streak_bonus.TestOrderStatusAndStreakTrigger" name="test_user_streak_before_order_paid" time="0.913" /><testcase classname="backend.tests.test_streak_bonus.TestOrderStatusAndStreakTrigger" name="test_mark_order_paid_triggers_streak_update" time="0.272" /><testcase classname="backend.tests.test_streak_bonus.TestOrderStatusAndStreakTrigger" name="test_no_streak_bonus_ledger_for_streak_1" time="0.121" /><testcase classname="backend.tests.test_streak_bonus.TestOrderFlowRegression" name="test_order_creation_still_works" time="0.620" /><testcase classname="backend.tests.test_streak_bonus.TestOrderFlowRegression" name="test_get_user_orders_still_works" time="0.187" /><testcase classname="backend.tests.test_streak_bonus.TestOrderFlowRegression" name="test_admin_get_all_orders_still_works" time="0.134" /></testsuite></testsuites>