<?xml version="1.0" encoding="utf-8"?><testsuites name="pytest tests"><testsuite name="pytest" errors="0" failures="0" skipped="0" tests="9" time="2.752" timestamp="2026-02-15T17:36:29.249658+00:00" hostname="agent-env-d5f6c7fa-3588-48b7-9877-a9e0a6524b6c"><testcase classname="backend.tests.test_deep_linking.TestReferralDeepLinking" name="test_register_with_valid_referral_code" time="0.386" /><testcase classname="backend.tests.test_deep_linking.TestReferralDeepLinking" name="test_register_with_lowercase_referral_code" time="0.364" /><testcase classname="backend.tests.test_deep_linking.TestReferralDeepLinking" name="test_register_with_invalid_referral_code" time="0.114" /><testcase classname="backend.tests.test_deep_linking.TestReferralDeepLinking" name="test_register_without_referral_code" time="0.357" /><testcase classname="backend.tests.test_deep_linking.TestReferralDeepLinking" name="test_register_with_empty_referral_code" time="0.367" /><testcase classname="backend.tests.test_deep_linking.TestReferralDeepLinking" name="test_login_returns_referral_fields" time="0.341" /><testcase classname="backend.tests.test_deep_linking.TestReferralDeepLinking" name="test_auth_me_returns_referral_fields" time="0.511" /><testcase classname="backend.tests.test_deep_linking.TestRegistrationValidation" name="test_registration_age_validation" time="0.119" /><testcase classname="backend.tests.test_deep_linking.TestRegistrationValidation" name="test_registration_duplicate_email" time="0.131" /></testsuite></testsuites>