<?xml version="1.0" encoding="utf-8"?><testsuites name="pytest tests"><testsuite name="pytest" errors="0" failures="0" skipped="0" tests="11" time="2.814" timestamp="2026-02-22T09:39:13.034357+00:00" hostname="agent-env-833992d1-419f-4845-9433-caf7e49e3b81"><testcase classname="backend.tests.test_admin_products.TestAdminAuth" name="test_admin_login_success" time="0.582" /><testcase classname="backend.tests.test_admin_products.TestAdminAuth" name="test_admin_me_endpoint" time="0.606" /><testcase classname="backend.tests.test_admin_products.TestImageUpload" name="test_upload_without_auth_fails" time="0.118" /><testcase classname="backend.tests.test_admin_products.TestImageUpload" name="test_upload_with_auth_succeeds" time="0.115" /><testcase classname="backend.tests.test_admin_products.TestProductCRUD" name="test_list_products" time="0.049" /><testcase classname="backend.tests.test_admin_products.TestProductCRUD" name="test_list_brands" time="0.060" /><testcase classname="backend.tests.test_admin_products.TestProductCRUD" name="test_create_product_with_image" time="0.221" /><testcase classname="backend.tests.test_admin_products.TestProductCRUD" name="test_get_product_by_id" time="0.095" /><testcase classname="backend.tests.test_admin_products.TestProductCRUD" name="test_update_product" time="0.330" /><testcase classname="backend.tests.test_admin_products.TestProductCRUD" name="test_delete_product" time="0.325" /><testcase classname="backend.tests.test_admin_products.TestCleanup" name="test_cleanup_test_products" time="0.207" /></testsuite></testsuites>