<?xml version="1.0" encoding="utf-8"?><testsuites name="pytest tests"><testsuite name="pytest" errors="0" failures="1" skipped="0" tests="12" time="6.787" timestamp="2026-02-21T21:46:39.996136+00:00" hostname="agent-env-21e70732-3568-4d65-ad21-b5a05c1c4761"><testcase classname="backend.tests.test_cart_checkout_flow.TestCartCheckoutFlow" name="test_get_products_for_cart" time="0.743" /><testcase classname="backend.tests.test_cart_checkout_flow.TestCartCheckoutFlow" name="test_get_onions_product" time="0.518" /><testcase classname="backend.tests.test_cart_checkout_flow.TestCartCheckoutFlow" name="test_product_with_empty_image_renders_correctly" time="0.644" /><testcase classname="backend.tests.test_cart_checkout_flow.TestCartCheckoutFlow" name="test_checkout_order_creation" time="0.664" /><testcase classname="backend.tests.test_cart_checkout_flow.TestCartCheckoutFlow" name="test_checkout_with_zelle_payment" time="0.601" /><testcase classname="backend.tests.test_cart_checkout_flow.TestCartCheckoutFlow" name="test_checkout_with_invalid_reward" time="0.613"><failure message="AssertionError: Expected 400 for invalid reward, got 520&#10;assert 520 == 400&#10; +  where 520 = &lt;Response [520]&gt;.status_code">backend/tests/test_cart_checkout_flow.py:210: in test_checkout_with_invalid_reward
    assert order_response.status_code == 400, f"Expected 400 for invalid reward, got {order_response.status_code}"
E   AssertionError: Expected 400 for invalid reward, got 520
E   assert 520 == 400
E    +  where 520 = &lt;Response [520]&gt;.status_code</failure></testcase><testcase classname="backend.tests.test_cart_checkout_flow.TestCartCheckoutFlow" name="test_checkout_stock_validation" time="0.620" /><testcase classname="backend.tests.test_cart_checkout_flow.TestCartCheckoutFlow" name="test_loyalty_rewards_endpoint" time="0.605" /><testcase classname="backend.tests.test_cart_checkout_flow.TestCartCheckoutFlow" name="test_get_user_orders" time="0.665" /><testcase classname="backend.tests.test_cart_checkout_flow.TestBulkDiscount" name="test_bulk_discount_calculation" time="0.567" /><testcase classname="backend.tests.test_cart_checkout_flow.TestImageHandling" name="test_product_images_are_urls_not_base64" time="0.163" /><testcase classname="backend.tests.test_cart_checkout_flow.TestImageHandling" name="test_uploaded_image_serves_correctly" time="0.231" /></testsuite></testsuites>