<?xml version="1.0" encoding="utf-8"?><testsuites name="pytest tests"><testsuite name="pytest" errors="0" failures="2" skipped="0" tests="12" time="3.665" timestamp="2026-02-15T20:46:16.212720+00:00" hostname="agent-env-9e4857b0-f178-48b9-86b4-59c673265042"><testcase classname="backend.tests.test_push_notifications.TestPushNotificationEndpoints" name="test_register_push_token_valid" time="0.599" /><testcase classname="backend.tests.test_push_notifications.TestPushNotificationEndpoints" name="test_register_push_token_invalid_format" time="0.132" /><testcase classname="backend.tests.test_push_notifications.TestPushNotificationEndpoints" name="test_register_push_token_without_auth" time="0.122" /><testcase classname="backend.tests.test_push_notifications.TestPushNotificationEndpoints" name="test_duplicate_token_registration_upsert" time="0.225" /><testcase classname="backend.tests.test_push_notifications.TestPushNotificationEndpoints" name="test_order_status_update_triggers_push_dispatch" time="0.822" /><testcase classname="backend.tests.test_push_notifications.TestPushNotificationEndpoints" name="test_create_order_regression" time="0.105"><failure message="AssertionError: Order creation failed: {&quot;detail&quot;:&quot;Insufficient stock for Admin Test Vape 2. Available: 0&quot;}&#10;assert 400 == 200&#10; +  where 400 = &lt;Response [400]&gt;.status_code">backend/tests/test_push_notifications.py:226: in test_create_order_regression
    assert response.status_code == 200, f"Order creation failed: {response.text}"
E   AssertionError: Order creation failed: {"detail":"Insufficient stock for Admin Test Vape 2. Available: 0"}
E   assert 400 == 200
E    +  where 400 = &lt;Response [400]&gt;.status_code</failure></testcase><testcase classname="backend.tests.test_push_notifications.TestPushNotificationEndpoints" name="test_get_orders_regression" time="0.239" /><testcase classname="backend.tests.test_push_notifications.TestPushNotificationEndpoints" name="test_admin_get_all_orders_regression" time="0.151" /><testcase classname="backend.tests.test_push_notifications.TestPushNotificationEndpoints" name="test_loyalty_points_awarded_on_paid_status" time="0.261"><failure message="assert 400 == 200&#10; +  where 400 = &lt;Response [400]&gt;.status_code">backend/tests/test_push_notifications.py:291: in test_loyalty_points_awarded_on_paid_status
    assert order_response.status_code == 200
E   assert 400 == 200
E    +  where 400 = &lt;Response [400]&gt;.status_code</failure></testcase><testcase classname="backend.tests.test_push_notifications.TestPushTokenValidation" name="test_empty_token_rejected" time="0.493" /><testcase classname="backend.tests.test_push_notifications.TestPushTokenValidation" name="test_token_with_only_prefix_rejected" time="0.119" /><testcase classname="backend.tests.test_push_notifications.TestPushTokenValidation" name="test_multiple_tokens_per_user" time="0.267" /></testsuite></testsuites>