<?xml version="1.0" encoding="utf-8"?><testsuites name="pytest tests"><testsuite name="pytest" errors="0" failures="0" skipped="0" tests="12" time="3.588" timestamp="2026-02-15T20:46:35.641956+00:00" hostname="agent-env-9e4857b0-f178-48b9-86b4-59c673265042"><testcase classname="backend.tests.test_push_notifications.TestPushNotificationEndpoints" name="test_register_push_token_valid" time="0.516" /><testcase classname="backend.tests.test_push_notifications.TestPushNotificationEndpoints" name="test_register_push_token_invalid_format" time="0.114" /><testcase classname="backend.tests.test_push_notifications.TestPushNotificationEndpoints" name="test_register_push_token_without_auth" time="0.115" /><testcase classname="backend.tests.test_push_notifications.TestPushNotificationEndpoints" name="test_duplicate_token_registration_upsert" time="0.224" /><testcase classname="backend.tests.test_push_notifications.TestPushNotificationEndpoints" name="test_order_status_update_triggers_push_dispatch" time="0.800" /><testcase classname="backend.tests.test_push_notifications.TestPushNotificationEndpoints" name="test_create_order_regression" time="0.101" /><testcase classname="backend.tests.test_push_notifications.TestPushNotificationEndpoints" name="test_get_orders_regression" time="0.120" /><testcase classname="backend.tests.test_push_notifications.TestPushNotificationEndpoints" name="test_admin_get_all_orders_regression" time="0.145" /><testcase classname="backend.tests.test_push_notifications.TestPushNotificationEndpoints" name="test_loyalty_points_awarded_on_paid_status" time="0.565" /><testcase classname="backend.tests.test_push_notifications.TestPushTokenValidation" name="test_empty_token_rejected" time="0.454" /><testcase classname="backend.tests.test_push_notifications.TestPushTokenValidation" name="test_token_with_only_prefix_rejected" time="0.120" /><testcase classname="backend.tests.test_push_notifications.TestPushTokenValidation" name="test_multiple_tokens_per_user" time="0.250" /></testsuite></testsuites>