<?xml version="1.0" encoding="utf-8"?><testsuites name="pytest tests"><testsuite name="pytest" errors="0" failures="0" skipped="0" tests="8" time="7.608" timestamp="2026-02-15T19:42:27.113924+00:00" hostname="agent-env-d5f6c7fa-3588-48b7-9877-a9e0a6524b6c"><testcase classname="backend.tests.test_cash_on_pickup.TestCashOnPickupOrders" name="test_cash_on_pickup_order_creates_awaiting_status" time="2.156" /><testcase classname="backend.tests.test_cash_on_pickup.TestCashOnPickupOrders" name="test_zelle_order_creates_pending_status" time="0.134" /><testcase classname="backend.tests.test_cash_on_pickup.TestCashOnPickupOrders" name="test_venmo_order_creates_pending_status" time="0.242" /><testcase classname="backend.tests.test_cash_on_pickup.TestAdminOrderStatusTransitions" name="test_admin_marks_cash_on_pickup_as_paid_awards_points" time="1.317" /><testcase classname="backend.tests.test_cash_on_pickup.TestAdminOrderStatusTransitions" name="test_admin_marks_pending_payment_as_paid_regression" time="0.284" /><testcase classname="backend.tests.test_cash_on_pickup.TestCloudzLedger" name="test_no_ledger_entry_on_order_creation" time="1.377" /><testcase classname="backend.tests.test_cash_on_pickup.TestCloudzLedger" name="test_ledger_entry_created_when_marked_paid" time="0.685" /><testcase classname="backend.tests.test_cash_on_pickup.TestNoPointsAtOrderCreation" name="test_user_points_unchanged_on_cash_on_pickup_order" time="1.336" /></testsuite></testsuites>