<?xml version="1.0" encoding="utf-8"?><testsuites name="pytest tests"><testsuite name="pytest" errors="0" failures="0" skipped="0" tests="8" time="2.372" timestamp="2026-02-22T12:31:21.755333+00:00" hostname="agent-env-833992d1-419f-4845-9433-caf7e49e3b81"><testcase classname="backend.tests.test_auth_persistence.TestAuthAPI" name="test_login_success" time="0.536" /><testcase classname="backend.tests.test_auth_persistence.TestAuthAPI" name="test_auth_me_with_token" time="0.659" /><testcase classname="backend.tests.test_auth_persistence.TestAuthAPI" name="test_auth_me_without_token" time="0.110" /><testcase classname="backend.tests.test_auth_persistence.TestImageUpload" name="test_upload_without_auth_fails" time="0.094" /><testcase classname="backend.tests.test_auth_persistence.TestImageUpload" name="test_upload_with_auth_success" time="0.577" /><testcase classname="backend.tests.test_auth_persistence.TestProductsAPI" name="test_get_products" time="0.102" /><testcase classname="backend.tests.test_auth_persistence.TestProductsAPI" name="test_get_brands" time="0.111" /><testcase classname="backend.tests.test_auth_persistence.TestCartAPI" name="test_products_for_cart" time="0.129" /></testsuite></testsuites>