<?xml version="1.0" encoding="utf-8"?><testsuites name="pytest tests"><testsuite name="pytest" errors="0" failures="0" skipped="0" tests="9" time="2.230" timestamp="2026-02-21T12:55:13.940272+00:00" hostname="agent-env-21e70732-3568-4d65-ad21-b5a05c1c4761"><testcase classname="tests.test_image_upload.TestImageUploadEndpoint" name="test_upload_requires_admin_auth" time="0.194" /><testcase classname="tests.test_image_upload.TestImageUploadEndpoint" name="test_upload_with_admin_token_jpg" time="0.734" /><testcase classname="tests.test_image_upload.TestImageUploadEndpoint" name="test_upload_rejects_invalid_extension" time="0.124" /><testcase classname="tests.test_image_upload.TestStaticFileServing" name="test_migrated_image_accessible" time="0.257" /><testcase classname="tests.test_image_upload.TestStaticFileServing" name="test_static_file_content_type" time="0.281" /><testcase classname="tests.test_image_upload.TestMigrationVerification" name="test_onions_product_migrated" time="0.106" /><testcase classname="tests.test_image_upload.TestMigrationVerification" name="test_invalid_base64_skipped" time="0.119" /><testcase classname="tests.test_image_upload.TestProductAPIWithUploadedImages" name="test_product_returns_url_path" time="0.103" /><testcase classname="tests.test_image_upload.TestProductAPIWithUploadedImages" name="test_single_product_returns_url_path" time="0.208" /></testsuite></testsuites>