<?xml version="1.0" encoding="utf-8"?><testsuites name="pytest tests"><testsuite name="pytest" errors="0" failures="0" skipped="0" tests="12" time="7.005" timestamp="2026-02-15T18:17:29.005274+00:00" hostname="agent-env-d5f6c7fa-3588-48b7-9877-a9e0a6524b6c"><testcase classname="backend.tests.test_admin_ledger.TestAdminLedgerAuth" name="test_admin_ledger_requires_auth" time="0.185" /><testcase classname="backend.tests.test_admin_ledger.TestAdminLedgerAuth" name="test_admin_ledger_blocks_non_admin" time="1.291" /><testcase classname="backend.tests.test_admin_ledger.TestAdminLedgerAuth" name="test_admin_ledger_allows_admin" time="0.483" /><testcase classname="backend.tests.test_admin_ledger.TestAdminLedgerPagination" name="test_admin_ledger_returns_paginated_response" time="0.452" /><testcase classname="backend.tests.test_admin_ledger.TestAdminLedgerPagination" name="test_admin_ledger_pagination_limit" time="0.697" /><testcase classname="backend.tests.test_admin_ledger.TestAdminLedgerPagination" name="test_admin_ledger_pagination_skip" time="0.627" /><testcase classname="backend.tests.test_admin_ledger.TestAdminLedgerFilters" name="test_admin_ledger_type_filter" time="0.557" /><testcase classname="backend.tests.test_admin_ledger.TestAdminLedgerFilters" name="test_admin_ledger_user_id_filter" time="0.505" /><testcase classname="backend.tests.test_admin_ledger.TestAdminLedgerFilters" name="test_admin_ledger_combined_filters" time="0.543" /><testcase classname="backend.tests.test_admin_ledger.TestAdminLedgerEntryFields" name="test_admin_ledger_entries_include_user_email" time="0.519" /><testcase classname="backend.tests.test_admin_ledger.TestAdminLedgerEntryFields" name="test_admin_ledger_entries_have_required_fields" time="0.542" /><testcase classname="backend.tests.test_admin_ledger.TestUserLedgerUnchanged" name="test_user_ledger_returns_flat_array" time="0.483" /></testsuite></testsuites>