<?xml version="1.0" encoding="utf-8"?><testsuites name="pytest tests"><testsuite name="pytest" errors="0" failures="0" skipped="0" tests="8" time="6.169" timestamp="2026-02-15T20:16:48.108463+00:00" hostname="agent-env-9e4857b0-f178-48b9-86b4-59c673265042"><testcase classname="backend.tests.test_cash_on_pickup.TestCashOnPickupOrders" name="test_cash_on_pickup_order_creates_awaiting_status" time="1.201" /><testcase classname="backend.tests.test_cash_on_pickup.TestCashOnPickupOrders" name="test_zelle_order_creates_pending_status" time="0.111" /><testcase classname="backend.tests.test_cash_on_pickup.TestCashOnPickupOrders" name="test_venmo_order_creates_pending_status" time="0.125" /><testcase classname="backend.tests.test_cash_on_pickup.TestAdminOrderStatusTransitions" name="test_admin_marks_cash_on_pickup_as_paid_awards_points" time="1.378" /><testcase classname="backend.tests.test_cash_on_pickup.TestAdminOrderStatusTransitions" name="test_admin_marks_pending_payment_as_paid_regression" time="0.233" /><testcase classname="backend.tests.test_cash_on_pickup.TestCloudzLedger" name="test_no_ledger_entry_on_order_creation" time="1.303" /><testcase classname="backend.tests.test_cash_on_pickup.TestCloudzLedger" name="test_ledger_entry_created_when_marked_paid" time="0.486" /><testcase classname="backend.tests.test_cash_on_pickup.TestNoPointsAtOrderCreation" name="test_user_points_unchanged_on_cash_on_pickup_order" time="1.233" /></testsuite></testsuites>