<?xml version="1.0" encoding="utf-8"?><testsuites name="pytest tests"><testsuite name="pytest" errors="0" failures="0" skipped="0" tests="11" time="39.166" timestamp="2026-03-10T23:05:10.060814+00:00" hostname="agent-env-a139de8f-fe6b-4186-bcc2-42a09fa9062e"><testcase classname="backend.tests.test_ledger_consistency.TestSignupBonusConsistency" name="test_signup_bonus_no_double_count" time="12.517" /><testcase classname="backend.tests.test_ledger_consistency.TestSignupBonusConsistency" name="test_signup_bonus_ledger_balance_after_matches_db" time="0.001" /><testcase classname="backend.tests.test_ledger_consistency.TestAdminCloudzAdjustConsistency" name="test_admin_adjust_positive_ledger_consistency" time="0.055" /><testcase classname="backend.tests.test_ledger_consistency.TestAdminCloudzAdjustConsistency" name="test_admin_adjust_exact_increment_no_double_count" time="0.053" /><testcase classname="backend.tests.test_ledger_consistency.TestAdminCloudzAdjustConsistency" name="test_admin_adjust_negative_ledger_consistency" time="0.054" /><testcase classname="backend.tests.test_ledger_consistency.TestTierRedemptionLedgerConsistency" name="test_tier_redemption_ledger_consistency" time="0.056" /><testcase classname="backend.tests.test_ledger_consistency.TestTierRedemptionLedgerConsistency" name="test_tier_redemption_remaining_points_in_response" time="0.056" /><testcase classname="backend.tests.test_ledger_consistency.TestPurchaseRewardLedgerConsistency" name="test_purchase_reward_no_double_count_and_ledger_consistency" time="12.369" /><testcase classname="backend.tests.test_ledger_consistency.TestReferralLedgerConsistency" name="test_referral_signup_bonus_ledger_consistency" time="13.458" /><testcase classname="backend.tests.test_ledger_consistency.TestReferralLedgerConsistency" name="test_referral_purchase_reward_ledger_consistency" time="0.094" /><testcase classname="backend.tests.test_ledger_consistency.TestLedgerCleanup" name="test_cleanup" time="0.294" /></testsuite></testsuites>