<?xml version="1.0" encoding="utf-8"?><testsuites name="pytest tests"><testsuite name="pytest" errors="0" failures="0" skipped="0" tests="17" time="1.032" timestamp="2026-03-10T16:50:35.819341+00:00" hostname="agent-env-a139de8f-fe6b-4186-bcc2-42a09fa9062e"><testcase classname="backend.tests.test_leaderboard_movement_store_credit.TestLeaderboardMovement" name="test_leaderboard_returns_200" time="0.305" /><testcase classname="backend.tests.test_leaderboard_movement_store_credit.TestLeaderboardMovement" name="test_leaderboard_has_bypoints_and_byreferrals" time="0.016" /><testcase classname="backend.tests.test_leaderboard_movement_store_credit.TestLeaderboardMovement" name="test_movement_field_exists_in_bypoints" time="0.013" /><testcase classname="backend.tests.test_leaderboard_movement_store_credit.TestLeaderboardMovement" name="test_movement_field_exists_in_byreferrals" time="0.012" /><testcase classname="backend.tests.test_leaderboard_movement_store_credit.TestLeaderboardMovement" name="test_movement_value_is_int_or_null" time="0.011" /><testcase classname="backend.tests.test_leaderboard_movement_store_credit.TestLeaderboardMovement" name="test_movement_positive_means_moved_up" time="0.012" /><testcase classname="backend.tests.test_leaderboard_movement_store_credit.TestLeaderboardMovement" name="test_unauthenticated_leaderboard_rejected" time="0.003" /><testcase classname="backend.tests.test_leaderboard_movement_store_credit.TestLeaderboardMovement" name="test_leaderboard_response_schema_with_movement" time="0.011" /><testcase classname="backend.tests.test_leaderboard_movement_store_credit.TestLeaderboardMovement" name="test_admin_user_isCurrentUser_flagged" time="0.010" /><testcase classname="backend.tests.test_leaderboard_movement_store_credit.TestLeaderboardSnapshot" name="test_today_snapshot_exists" time="0.010" /><testcase classname="backend.tests.test_leaderboard_movement_store_credit.TestLeaderboardSnapshot" name="test_movement_reflects_yesterday_swap" time="0.010" /><testcase classname="backend.tests.test_leaderboard_movement_store_credit.TestStoreCreditCheckout" name="test_admin_has_credit_balance" time="0.038" /><testcase classname="backend.tests.test_leaderboard_movement_store_credit.TestStoreCreditCheckout" name="test_place_order_with_store_credit" time="0.143" /><testcase classname="backend.tests.test_leaderboard_movement_store_credit.TestStoreCreditCheckout" name="test_store_credit_capped_at_available_balance" time="0.100" /><testcase classname="backend.tests.test_leaderboard_movement_store_credit.TestStoreCreditCheckout" name="test_store_credit_applied_stored_in_order_document" time="0.100" /><testcase classname="backend.tests.test_leaderboard_movement_store_credit.TestStoreCreditCheckout" name="test_zero_store_credit_not_deducted" time="0.093" /><testcase classname="backend.tests.test_leaderboard_movement_store_credit.TestStoreCreditCheckout" name="test_store_credit_capped_at_order_total" time="0.070" /></testsuite></testsuites>