<?xml version="1.0" encoding="utf-8"?><testsuites name="pytest tests"><testsuite name="pytest" errors="0" failures="3" skipped="0" tests="8" time="2.068" timestamp="2026-04-15T01:52:52.131892+00:00" hostname="agent-env-f848124d-79a4-4c89-9aa1-613c67f1e8ee"><testcase classname="backend.tests.test_payment_methods_fees.TestPaymentMethodFees" name="test_apple_pay_fee_and_status" time="1.052" /><testcase classname="backend.tests.test_payment_methods_fees.TestPaymentMethodFees" name="test_cashapp_fee_and_status" time="0.158" /><testcase classname="backend.tests.test_payment_methods_fees.TestPaymentMethodFees" name="test_chime_fee_and_status" time="0.118" /><testcase classname="backend.tests.test_payment_methods_fees.TestPaymentMethodFees" name="test_zelle_no_fee" time="0.125" /><testcase classname="backend.tests.test_payment_methods_fees.TestPaymentMethodFees" name="test_cash_on_pickup_no_fee_awaiting_status" time="0.141" /><testcase classname="backend.tests.test_payment_methods_fees.TestPaymentMethodFees" name="test_apple_pay_fee_precision" time="0.115"><failure message="AssertionError: Apple Pay order failed: {&quot;error&quot;:&quot;Rate limit exceeded: 5 per 1 minute&quot;}&#10;assert 429 == 200&#10; +  where 429 = &lt;Response [429]&gt;.status_code">backend/tests/test_payment_methods_fees.py:172: in test_apple_pay_fee_precision
    assert resp.status_code == 200, f"Apple Pay order failed: {resp.text}"
E   AssertionError: Apple Pay order failed: {"error":"Rate limit exceeded: 5 per 1 minute"}
E   assert 429 == 200
E    +  where 429 = &lt;Response [429]&gt;.status_code</failure></testcase><testcase classname="backend.tests.test_payment_methods_fees.TestPaymentMethodFees" name="test_order_total_includes_fee_for_apple_pay" time="0.121"><failure message="AssertionError: Apple Pay order failed: {&quot;error&quot;:&quot;Rate limit exceeded: 5 per 1 minute&quot;}&#10;assert 429 == 200&#10; +  where 429 = &lt;Response [429]&gt;.status_code">backend/tests/test_payment_methods_fees.py:184: in test_order_total_includes_fee_for_apple_pay
    assert resp.status_code == 200, f"Apple Pay order failed: {resp.text}"
E   AssertionError: Apple Pay order failed: {"error":"Rate limit exceeded: 5 per 1 minute"}
E   assert 429 == 200
E    +  where 429 = &lt;Response [429]&gt;.status_code</failure></testcase><testcase classname="backend.tests.test_payment_methods_fees.TestPaymentMethodFees" name="test_payment_method_name_preserved" time="0.162"><failure message="AssertionError: Order failed: {&quot;error&quot;:&quot;Rate limit exceeded: 5 per 1 minute&quot;}&#10;assert 429 == 200&#10; +  where 429 = &lt;Response [429]&gt;.status_code">backend/tests/test_payment_methods_fees.py:196: in test_payment_method_name_preserved
    assert resp.status_code == 200, f"Order failed: {resp.text}"
E   AssertionError: Order failed: {"error":"Rate limit exceeded: 5 per 1 minute"}
E   assert 429 == 200
E    +  where 429 = &lt;Response [429]&gt;.status_code</failure></testcase></testsuite></testsuites>