<?xml version="1.0" encoding="utf-8"?><testsuites name="pytest tests"><testsuite name="pytest" errors="0" failures="0" skipped="0" tests="12" time="4.240" timestamp="2026-02-21T16:01:53.517547+00:00" hostname="agent-env-21e70732-3568-4d65-ad21-b5a05c1c4761"><testcase classname="backend.tests.test_bug_fixes.TestBugFix1_BrandImages" name="test_brands_endpoint_returns_image_urls" time="0.165" /><testcase classname="backend.tests.test_bug_fixes.TestBugFix1_BrandImages" name="test_geek_bar_image_serves_correctly" time="0.274" /><testcase classname="backend.tests.test_bug_fixes.TestBugFix1_BrandImages" name="test_pickles_image_serves_correctly" time="0.300" /><testcase classname="backend.tests.test_bug_fixes.TestBugFix1_BrandImages" name="test_brands_without_images_return_null" time="0.123" /><testcase classname="backend.tests.test_bug_fixes.TestBugFix2_AdminProductUpload" name="test_upload_endpoint_requires_auth" time="0.132" /><testcase classname="backend.tests.test_bug_fixes.TestBugFix2_AdminProductUpload" name="test_upload_with_admin_token" time="0.715" /><testcase classname="backend.tests.test_bug_fixes.TestBugFix2_AdminProductUpload" name="test_upload_with_png" time="0.645" /><testcase classname="backend.tests.test_bug_fixes.TestBugFix2_AdminProductUpload" name="test_upload_rejects_invalid_extension" time="0.592" /><testcase classname="backend.tests.test_bug_fixes.TestBrandImageMigration" name="test_migration_completed" time="0.113" /><testcase classname="backend.tests.test_bug_fixes.TestRegression" name="test_products_endpoint" time="0.110" /><testcase classname="backend.tests.test_bug_fixes.TestRegression" name="test_product_images_load" time="0.486" /><testcase classname="backend.tests.test_bug_fixes.TestRegression" name="test_login_flow" time="0.522" /></testsuite></testsuites>