<?xml version="1.0" encoding="utf-8"?><testsuites name="pytest tests"><testsuite name="pytest" errors="0" failures="0" skipped="0" tests="3" time="1.900" timestamp="2026-03-04T05:26:14.249511+00:00" hostname="agent-env-3cf465e7-fd65-414e-a51b-028521b88802"><testcase classname="backend.tests.test_earn_rate_3x.TestCloudzEarnRate" name="test_order_creation_returns_3x_points" time="0.777" /><testcase classname="backend.tests.test_earn_rate_3x.TestCloudzEarnRate" name="test_various_order_amounts_3x_rate" time="0.466" /><testcase classname="backend.tests.test_earn_rate_3x.TestAdminUserCloudzBalance" name="test_admin_user_balance_30000" time="0.475" /></testsuite></testsuites>