<?xml version="1.0" encoding="utf-8"?><testsuites name="pytest tests"><testsuite name="pytest" errors="0" failures="0" skipped="0" tests="17" time="2.324" timestamp="2026-02-15T13:26:57.709067+00:00" hostname="agent-env-2de9f514-2b26-4711-b3f6-7d6a11ed801d"><testcase classname="tests.test_loyalty_system.TestHealthCheck" name="test_api_accessible" time="0.257" /><testcase classname="tests.test_loyalty_system.TestLoyaltyTiersEndpoint" name="test_get_tiers_authenticated" time="0.341" /><testcase classname="tests.test_loyalty_system.TestLoyaltyTiersEndpoint" name="test_tiers_unlock_status_based_on_points" time="0.048" /><testcase classname="tests.test_loyalty_system.TestLoyaltyTiersEndpoint" name="test_tiers_requires_auth" time="0.045" /><testcase classname="tests.test_loyalty_system.TestLoyaltyRedeemEndpoint" name="test_redeem_invalid_tier" time="0.046" /><testcase classname="tests.test_loyalty_system.TestLoyaltyRedeemEndpoint" name="test_redeem_insufficient_points" time="0.326" /><testcase classname="tests.test_loyalty_system.TestLoyaltyRedeemEndpoint" name="test_redeem_requires_auth" time="0.042" /><testcase classname="tests.test_loyalty_system.TestLoyaltyRewardsEndpoint" name="test_get_active_rewards" time="0.059" /><testcase classname="tests.test_loyalty_system.TestLoyaltyRewardsEndpoint" name="test_rewards_requires_auth" time="0.042" /><testcase classname="tests.test_loyalty_system.TestLoyaltyHistoryEndpoint" name="test_get_redemption_history" time="0.071" /><testcase classname="tests.test_loyalty_system.TestLoyaltyHistoryEndpoint" name="test_history_requires_auth" time="0.056" /><testcase classname="tests.test_loyalty_system.TestOrderWithReward" name="test_order_endpoint_accepts_reward_id" time="0.217" /><testcase classname="tests.test_loyalty_system.TestRedeemAndVerifyFlow" name="test_admin_redeem_silver_storm_if_possible" time="0.183" /><testcase classname="tests.test_loyalty_system.TestRedeemAndVerifyFlow" name="test_prevent_duplicate_tier_redemption" time="0.096" /><testcase classname="tests.test_loyalty_system.TestAuthEndpoints" name="test_login_success" time="0.273" /><testcase classname="tests.test_loyalty_system.TestAuthEndpoints" name="test_login_invalid_credentials" time="0.052" /><testcase classname="tests.test_loyalty_system.TestAuthEndpoints" name="test_get_me_authenticated" time="0.044" /></testsuite></testsuites>