<?xml version="1.0" encoding="utf-8"?><testsuites name="pytest tests"><testsuite name="pytest" errors="0" failures="0" skipped="0" tests="18" time="4.571" timestamp="2026-02-15T19:08:46.545123+00:00" hostname="agent-env-d5f6c7fa-3588-48b7-9877-a9e0a6524b6c"><testcase classname="backend.tests.test_leaderboard.TestLeaderboardAuthentication" name="test_unauthenticated_request_returns_error" time="0.223" /><testcase classname="backend.tests.test_leaderboard.TestLeaderboardAuthentication" name="test_invalid_token_returns_401" time="0.117" /><testcase classname="backend.tests.test_leaderboard.TestLeaderboardResponseStructure" name="test_leaderboard_returns_200" time="1.038" /><testcase classname="backend.tests.test_leaderboard.TestLeaderboardResponseStructure" name="test_response_has_bypoints_and_byreferrals" time="0.146" /><testcase classname="backend.tests.test_leaderboard.TestLeaderboardResponseStructure" name="test_entry_has_required_fields_only" time="0.839" /><testcase classname="backend.tests.test_leaderboard.TestLeaderboardResponseStructure" name="test_no_sensitive_data_exposed" time="0.186" /><testcase classname="backend.tests.test_leaderboard.TestLeaderboardSorting" name="test_bypoints_sorted_descending" time="0.122" /><testcase classname="backend.tests.test_leaderboard.TestLeaderboardSorting" name="test_byreferrals_sorted_descending" time="0.120" /><testcase classname="backend.tests.test_leaderboard.TestLeaderboardSorting" name="test_ranks_are_sequential" time="0.149" /><testcase classname="backend.tests.test_leaderboard.TestLeaderboardCurrentUser" name="test_iscurrentuser_true_for_requesting_user" time="0.468" /><testcase classname="backend.tests.test_leaderboard.TestLeaderboardDisplayName" name="test_displayname_format" time="0.115" /><testcase classname="backend.tests.test_leaderboard.TestLeaderboardTiers" name="test_tier_fields_present" time="0.158" /><testcase classname="backend.tests.test_leaderboard.TestLeaderboardTiers" name="test_tier_color_format" time="0.110" /><testcase classname="backend.tests.test_leaderboard.TestLeaderboardLimit" name="test_bypoints_max_20_entries" time="0.130" /><testcase classname="backend.tests.test_leaderboard.TestLeaderboardLimit" name="test_byreferrals_max_20_entries" time="0.158" /><testcase classname="backend.tests.test_leaderboard.TestLeaderboardDataValues" name="test_points_are_non_negative" time="0.146" /><testcase classname="backend.tests.test_leaderboard.TestLeaderboardDataValues" name="test_referral_count_are_non_negative" time="0.125" /><testcase classname="backend.tests.test_leaderboard.TestLeaderboardDataValues" name="test_admin_user_in_leaderboard" time="0.135" /></testsuite></testsuites>