<?xml version="1.0" encoding="utf-8"?><testsuites name="pytest tests"><testsuite name="pytest" errors="0" failures="1" skipped="4" tests="112" time="17.957" timestamp="2026-03-10T21:19:17.495980+00:00" hostname="agent-env-a139de8f-fe6b-4186-bcc2-42a09fa9062e"><testcase classname="backend.tests.test_full_contract.TestHealth" name="test_health_200" time="0.007" /><testcase classname="backend.tests.test_full_contract.TestAuthRegister" name="test_register_valid" time="0.292" /><testcase classname="backend.tests.test_full_contract.TestAuthRegister" name="test_register_duplicate_email" time="0.044" /><testcase classname="backend.tests.test_full_contract.TestAuthRegister" name="test_register_invalid_dob_format" time="0.043" /><testcase classname="backend.tests.test_full_contract.TestAuthRegister" name="test_register_missing_required_fields" time="0.043" /><testcase classname="backend.tests.test_full_contract.TestAuthRegister" name="test_register_underage" time="0.044" /><testcase classname="backend.tests.test_full_contract.TestAuthRegister" name="test_register_invalid_referral_code" time="0.045" /><testcase classname="backend.tests.test_full_contract.TestAuthLogin" name="test_login_valid" time="0.259" /><testcase classname="backend.tests.test_full_contract.TestAuthLogin" name="test_login_wrong_password" time="0.268" /><testcase classname="backend.tests.test_full_contract.TestAuthLogin" name="test_login_nonexistent_user" time="0.044" /><testcase classname="backend.tests.test_full_contract.TestAuthLogin" name="test_login_missing_fields" time="0.043" /><testcase classname="backend.tests.test_full_contract.TestAuthMe" name="test_me_valid_jwt" time="0.044" /><testcase classname="backend.tests.test_full_contract.TestAuthMe" name="test_me_no_token" time="0.042" /><testcase classname="backend.tests.test_full_contract.TestAuthMe" name="test_me_invalid_token" time="0.043" /><testcase classname="backend.tests.test_full_contract.TestProfile" name="test_update_profile_valid" time="0.046" /><testcase classname="backend.tests.test_full_contract.TestProfile" name="test_update_profile_no_token" time="0.042" /><testcase classname="backend.tests.test_full_contract.TestUsername" name="test_set_valid_username" time="0.046" /><testcase classname="backend.tests.test_full_contract.TestUsername" name="test_reserved_username" time="0.043" /><testcase classname="backend.tests.test_full_contract.TestUsername" name="test_username_too_short" time="0.044" /><testcase classname="backend.tests.test_full_contract.TestUsername" name="test_username_no_token" time="0.043" /><testcase classname="backend.tests.test_full_contract.TestUsername" name="test_username_duplicate" time="1.316" /><testcase classname="backend.tests.test_full_contract.TestProfileUtils" name="test_get_referral_earnings" time="0.044" /><testcase classname="backend.tests.test_full_contract.TestProfileUtils" name="test_get_cloudz_ledger" time="0.044" /><testcase classname="backend.tests.test_full_contract.TestProfileUtils" name="test_get_coupon" time="0.044" /><testcase classname="backend.tests.test_full_contract.TestProfileUtils" name="test_referral_earnings_no_token" time="0.043" /><testcase classname="backend.tests.test_full_contract.TestProfileUtils" name="test_cloudz_ledger_no_token" time="0.042" /><testcase classname="backend.tests.test_full_contract.TestProducts" name="test_list_products_public" time="0.008" /><testcase classname="backend.tests.test_full_contract.TestProducts" name="test_get_product_valid" time="0.048" /><testcase classname="backend.tests.test_full_contract.TestProducts" name="test_get_product_invalid_id" time="0.045" /><testcase classname="backend.tests.test_full_contract.TestProducts" name="test_create_product_non_admin_403" time="0.092" /><testcase classname="backend.tests.test_full_contract.TestProducts" name="test_create_product_no_auth" time="0.043" /><testcase classname="backend.tests.test_full_contract.TestProducts" name="test_patch_product_non_admin_403" time="0.043" /><testcase classname="backend.tests.test_full_contract.TestProducts" name="test_delete_product_non_admin_403" time="0.045" /><testcase classname="backend.tests.test_full_contract.TestProducts" name="test_admin_create_update_delete_product" time="0.531" /><testcase classname="backend.tests.test_full_contract.TestProducts" name="test_stock_adjust_non_admin_403" time="0.043" /><testcase classname="backend.tests.test_full_contract.TestProducts" name="test_upload_image_non_admin_403" time="0.044" /><testcase classname="backend.tests.test_full_contract.TestBrands" name="test_get_brands_public" time="0.047" /><testcase classname="backend.tests.test_full_contract.TestBrands" name="test_create_brand_non_admin_403" time="0.044" /><testcase classname="backend.tests.test_full_contract.TestBrands" name="test_update_brand_non_admin_403" time="0.091" /><testcase classname="backend.tests.test_full_contract.TestBrands" name="test_delete_brand_non_admin_403" time="0.090" /><testcase classname="backend.tests.test_full_contract.TestBrands" name="test_admin_brand_crud" time="0.140" /><testcase classname="backend.tests.test_full_contract.TestCategories" name="test_get_categories_public" time="0.042" /><testcase classname="backend.tests.test_full_contract.TestOrders" name="test_create_order_valid" time="0.047" /><testcase classname="backend.tests.test_full_contract.TestOrders" name="test_list_orders_own" time="0.045" /><testcase classname="backend.tests.test_full_contract.TestOrders" name="test_list_orders_no_auth" time="0.043" /><testcase classname="backend.tests.test_full_contract.TestOrders" name="test_get_order_own" time="0.044" /><testcase classname="backend.tests.test_full_contract.TestOrders" name="test_get_order_other_user_403" time="0.043" /><testcase classname="backend.tests.test_full_contract.TestOrders" name="test_cancel_order_pending" time="0.045" /><testcase classname="backend.tests.test_full_contract.TestOrders" name="test_cancel_already_cancelled_400" time="0.043" /><testcase classname="backend.tests.test_full_contract.TestOrders" name="test_create_order_missing_fields" time="0.045" /><testcase classname="backend.tests.test_full_contract.TestOrders" name="test_create_order_no_auth" time="0.043" /><testcase classname="backend.tests.test_full_contract.TestOrders" name="test_create_order_out_of_stock" time="0.045" /><testcase classname="backend.tests.test_full_contract.TestOrders" name="test_create_order_store_credit_capped" time="0.083" /><testcase classname="backend.tests.test_full_contract.TestLoyalty" name="test_get_tiers" time="0.044" /><testcase classname="backend.tests.test_full_contract.TestLoyalty" name="test_get_tiers_no_auth" time="0.042" /><testcase classname="backend.tests.test_full_contract.TestLoyalty" name="test_get_rewards" time="0.044" /><testcase classname="backend.tests.test_full_contract.TestLoyalty" name="test_get_history" time="0.045" /><testcase classname="backend.tests.test_full_contract.TestLoyalty" name="test_get_ledger" time="0.044" /><testcase classname="backend.tests.test_full_contract.TestLoyalty" name="test_get_streak" time="0.043" /><testcase classname="backend.tests.test_full_contract.TestLoyalty" name="test_redeem_insufficient_points_400" time="0.045" /><testcase classname="backend.tests.test_full_contract.TestLoyalty" name="test_redeem_valid_tier" time="0.081" /><testcase classname="backend.tests.test_full_contract.TestLoyalty" name="test_redeem_already_active_400" time="0.081" /><testcase classname="backend.tests.test_full_contract.TestLeaderboard" name="test_leaderboard_has_movement_field" time="0.047" /><testcase classname="backend.tests.test_full_contract.TestLeaderboard" name="test_leaderboard_no_auth" time="0.042" /><testcase classname="backend.tests.test_full_contract.TestAdminUsers" name="test_get_all_users_admin" time="0.105" /><testcase classname="backend.tests.test_full_contract.TestAdminUsers" name="test_get_all_users_non_admin_403" time="0.043" /><testcase classname="backend.tests.test_full_contract.TestAdminUsers" name="test_get_all_users_no_auth" time="0.043" /><testcase classname="backend.tests.test_full_contract.TestAdminUsers" name="test_get_user_profile_admin" time="0.046" /><testcase classname="backend.tests.test_full_contract.TestAdminUsers" name="test_admin_update_user" time="0.046" /><testcase classname="backend.tests.test_full_contract.TestAdminUsers" name="test_admin_cloudz_adjust_positive" time="0.047" /><testcase classname="backend.tests.test_full_contract.TestAdminUsers" name="test_admin_cloudz_adjust_negative" time="0.045" /><testcase classname="backend.tests.test_full_contract.TestAdminUsers" name="test_admin_get_cloudz_ledger" time="0.045" /><testcase classname="backend.tests.test_full_contract.TestAdminUsers" name="test_admin_credit_add" time="0.046" /><testcase classname="backend.tests.test_full_contract.TestAdminUsers" name="test_admin_credit_deduct" time="0.093" /><testcase classname="backend.tests.test_full_contract.TestAdminUsers" name="test_admin_set_password_valid" time="0.267" /><testcase classname="backend.tests.test_full_contract.TestAdminUsers" name="test_admin_set_password_too_short_400" time="0.044" /><testcase classname="backend.tests.test_full_contract.TestAdminUsers" name="test_admin_update_notes" time="0.046" /><testcase classname="backend.tests.test_full_contract.TestAdminUsers" name="test_admin_set_username" time="0.047" /><testcase classname="backend.tests.test_full_contract.TestAdminUsers" name="test_admin_set_referrer" time="0.048" /><testcase classname="backend.tests.test_full_contract.TestAdminUsers" name="test_admin_force_logout_disposable_user" time="2.003"><skipped type="pytest.skip" message="Rate limit — cannot register disposable user for force-logout test">/app/backend/tests/test_full_contract.py:930: Rate limit — cannot register disposable user for force-logout test</skipped></testcase><testcase classname="backend.tests.test_full_contract.TestAdminUsers" name="test_admin_merge_users" time="2.003"><skipped type="pytest.skip" message="Rate limit for merge test">/app/backend/tests/test_full_contract.py:956: Rate limit for merge test</skipped></testcase><testcase classname="backend.tests.test_full_contract.TestAdminUsers" name="test_admin_delete_user_nonexistent_404" time="0.044" /><testcase classname="backend.tests.test_full_contract.TestAdminOrders" name="test_get_all_orders_admin" time="0.047" /><testcase classname="backend.tests.test_full_contract.TestAdminOrders" name="test_get_all_orders_non_admin_403" time="0.043" /><testcase classname="backend.tests.test_full_contract.TestAdminOrders" name="test_admin_update_order_status_to_paid" time="0.144" /><testcase classname="backend.tests.test_full_contract.TestAdminOrders" name="test_loyalty_points_earned_on_paid" time="0.045" /><testcase classname="backend.tests.test_full_contract.TestAdminOrders" name="test_admin_order_edit" time="0.046" /><testcase classname="backend.tests.test_full_contract.TestAdminAnalytics" name="test_get_analytics_admin" time="0.051" /><testcase classname="backend.tests.test_full_contract.TestAdminAnalytics" name="test_analytics_non_admin_403" time="0.043" /><testcase classname="backend.tests.test_full_contract.TestAdminAnalytics" name="test_get_admin_ledger" time="0.047" /><testcase classname="backend.tests.test_full_contract.TestAdminAnalytics" name="test_admin_ledger_non_admin_403" time="0.043" /><testcase classname="backend.tests.test_full_contract.TestAdminAnalytics" name="test_get_admin_chats" time="0.047" /><testcase classname="backend.tests.test_full_contract.TestAdminAnalytics" name="test_get_support_tickets_admin" time="0.047" /><testcase classname="backend.tests.test_full_contract.TestAdminReviews" name="test_get_all_reviews_admin" time="0.046" /><testcase classname="backend.tests.test_full_contract.TestAdminReviews" name="test_admin_update_review" time="0.091" /><testcase classname="backend.tests.test_full_contract.TestAdminReviews" name="test_admin_delete_nonexistent_review_404" time="0.045" /><testcase classname="backend.tests.test_full_contract.TestAdminReviews" name="test_admin_reviews_non_admin_403" time="0.044" /><testcase classname="backend.tests.test_full_contract.TestReviews" name="test_get_product_reviews_public" time="0.044" /><testcase classname="backend.tests.test_full_contract.TestReviews" name="test_check_can_review" time="0.044" /><testcase classname="backend.tests.test_full_contract.TestReviews" name="test_post_review_requires_purchase_403" time="0.045"><failure message="AssertionError: Expected 403/400 got 200: {&quot;id&quot;:&quot;69b08ae1bbdff336479e13fb&quot;,&quot;productId&quot;:&quot;69aad9182798be39d3944caf&quot;,&quot;userId&quot;:&quot;69b08ad5bbdff336479e13eb&quot;,&quot;orderId&quot;:&quot;000000000000000000000000&quot;,&quot;rating&quot;:5,&quot;comment&quot;:&quot;Test&quot;,&quot;createdAt&quot;:&quot;2026-03-10T21:19:29.192970&quot;,&quot;userName&quot;:&quot;AdminUpdated UpdatedLast&quot;,&quot;isHidden&quot;:false}&#10;assert 200 in (400, 403)&#10; +  where 200 = &lt;Response [200]&gt;.status_code">backend/tests/test_full_contract.py:1180: in test_post_review_requires_purchase_403
    assert resp.status_code in (400, 403), f"Expected 403/400 got {resp.status_code}: {resp.text}"
E   AssertionError: Expected 403/400 got 200: {"id":"69b08ae1bbdff336479e13fb","productId":"69aad9182798be39d3944caf","userId":"69b08ad5bbdff336479e13eb","orderId":"000000000000000000000000","rating":5,"comment":"Test","createdAt":"2026-03-10T21:19:29.192970","userName":"AdminUpdated UpdatedLast","isHidden":false}
E   assert 200 in (400, 403)
E    +  where 200 = &lt;Response [200]&gt;.status_code</failure></testcase><testcase classname="backend.tests.test_full_contract.TestReviews" name="test_post_review_no_auth" time="0.042" /><testcase classname="backend.tests.test_full_contract.TestPushAndSupport" name="test_register_push_token_invalid_400" time="0.044" /><testcase classname="backend.tests.test_full_contract.TestPushAndSupport" name="test_register_push_token_valid" time="0.044" /><testcase classname="backend.tests.test_full_contract.TestPushAndSupport" name="test_push_no_auth" time="0.043" /><testcase classname="backend.tests.test_full_contract.TestPushAndSupport" name="test_create_support_ticket" time="0.056" /><testcase classname="backend.tests.test_full_contract.TestPushAndSupport" name="test_create_ticket_no_auth" time="0.042" /><testcase classname="backend.tests.test_full_contract.TestFlow1UserRegistration" name="test_flow1" time="2.003"><skipped type="pytest.skip" message="Rate limited — try again later">/app/backend/tests/test_full_contract.py:1256: Rate limited — try again later</skipped></testcase><testcase classname="backend.tests.test_full_contract.TestFlow2Shopping" name="test_flow2" time="0.199" /><testcase classname="backend.tests.test_full_contract.TestFlow3Loyalty" name="test_flow3" time="0.119" /><testcase classname="backend.tests.test_full_contract.TestFlow4Referral" name="test_flow4" time="3.003"><skipped type="pytest.skip" message="Rate limit — cannot run Flow4">/app/backend/tests/test_full_contract.py:1378: Rate limit — cannot run Flow4</skipped></testcase><testcase classname="backend.tests.test_full_contract.TestFlow5Admin" name="test_flow5" time="0.397" /><testcase classname="backend.tests.test_full_contract.TestCleanup" name="test_cleanup_test_users" time="0.192" /></testsuite></testsuites>