<?xml version="1.0" encoding="utf-8"?><testsuites name="pytest tests"><testsuite name="pytest" errors="0" failures="0" skipped="0" tests="13" time="2.181" timestamp="2026-02-15T14:39:39.465218+00:00" hostname="agent-env-2de9f514-2b26-4711-b3f6-7d6a11ed801d"><testcase classname="backend.tests.test_profile_management.TestHealthCheck" name="test_api_accessible" time="0.258" /><testcase classname="backend.tests.test_profile_management.TestProfileEndpoint" name="test_profile_requires_auth" time="0.076" /><testcase classname="backend.tests.test_profile_management.TestProfileEndpoint" name="test_update_first_name" time="0.512" /><testcase classname="backend.tests.test_profile_management.TestProfileEndpoint" name="test_update_last_name" time="0.081" /><testcase classname="backend.tests.test_profile_management.TestProfileEndpoint" name="test_update_phone" time="0.138" /><testcase classname="backend.tests.test_profile_management.TestProfileEndpoint" name="test_update_email" time="0.070" /><testcase classname="backend.tests.test_profile_management.TestProfileEndpoint" name="test_update_multiple_fields" time="0.049" /><testcase classname="backend.tests.test_profile_management.TestProfileEndpoint" name="test_update_profile_photo_base64" time="0.088" /><testcase classname="backend.tests.test_profile_management.TestProfileEndpoint" name="test_update_empty_body_returns_current_user" time="0.046" /><testcase classname="backend.tests.test_profile_management.TestAdminUserPhone" name="test_admin_user_has_phone_field" time="0.370" /><testcase classname="backend.tests.test_profile_management.TestAdminUserPhone" name="test_admin_update_phone" time="0.054" /><testcase classname="backend.tests.test_profile_management.TestUserResponse" name="test_auth_me_includes_profile_fields" time="0.056" /><testcase classname="backend.tests.test_profile_management.TestUserResponse" name="test_login_returns_profile_fields" time="0.271" /></testsuite></testsuites>