<?xml version="1.0" encoding="utf-8"?><testsuites name="pytest tests"><testsuite name="pytest" errors="0" failures="0" skipped="0" tests="10" time="4.242" timestamp="2026-02-15T15:04:30.016275+00:00" hostname="agent-env-2de9f514-2b26-4711-b3f6-7d6a11ed801d"><testcase classname="backend.tests.test_referral_system.TestRegisterWithoutReferralCode" name="test_register_without_referral_code_success" time="0.562" /><testcase classname="backend.tests.test_referral_system.TestRegisterWithValidReferralCode" name="test_register_with_admin_referral_code_success" time="0.568" /><testcase classname="backend.tests.test_referral_system.TestRegisterWithValidReferralCode" name="test_register_with_lowercase_referral_code" time="0.287" /><testcase classname="backend.tests.test_referral_system.TestRegisterWithInvalidReferralCode" name="test_register_with_invalid_referral_code_fails" time="0.059" /><testcase classname="backend.tests.test_referral_system.TestRegisterWithInvalidReferralCode" name="test_register_with_random_string_referral_code" time="0.054" /><testcase classname="backend.tests.test_referral_system.TestLoginReturnsReferralFields" name="test_login_returns_referral_fields" time="0.280" /><testcase classname="backend.tests.test_referral_system.TestGetMeReturnsReferralFields" name="test_me_returns_referral_fields" time="0.054" /><testcase classname="backend.tests.test_referral_system.TestReferralRewardFlow" name="test_full_referral_reward_flow" time="0.680" /><testcase classname="backend.tests.test_referral_system.TestReferralRewardDoesNotRetrigger" name="test_second_order_does_not_retrigger_referral_reward" time="0.846" /><testcase classname="backend.tests.test_referral_system.TestReferralRewardIssuedFlag" name="test_referral_reward_issued_flag_set" time="0.770" /></testsuite></testsuites>