<?xml version="1.0" encoding="utf-8"?><testsuites name="pytest tests"><testsuite name="pytest" errors="0" failures="0" skipped="0" tests="14" time="6.306" timestamp="2026-02-15T21:32:30.945991+00:00" hostname="agent-env-9e4857b0-f178-48b9-86b4-59c673265042"><testcase classname="tests.test_support_tickets.TestSupportTicketCreation" name="test_create_ticket_without_auth" time="0.376" /><testcase classname="tests.test_support_tickets.TestSupportTicketCreation" name="test_create_ticket_with_valid_auth" time="0.520" /><testcase classname="tests.test_support_tickets.TestSupportTicketCreation" name="test_create_ticket_missing_subject" time="0.539" /><testcase classname="tests.test_support_tickets.TestSupportTicketCreation" name="test_create_ticket_missing_message" time="0.565" /><testcase classname="tests.test_support_tickets.TestSupportTicketCreation" name="test_create_ticket_invalid_token" time="0.134" /><testcase classname="tests.test_support_tickets.TestAdminSupportTickets" name="test_get_tickets_without_auth" time="0.107" /><testcase classname="tests.test_support_tickets.TestAdminSupportTickets" name="test_get_tickets_non_admin_user" time="0.482" /><testcase classname="tests.test_support_tickets.TestAdminSupportTickets" name="test_get_tickets_admin_success" time="0.453" /><testcase classname="tests.test_support_tickets.TestAdminSupportTickets" name="test_get_tickets_filter_by_status_open" time="0.618" /><testcase classname="tests.test_support_tickets.TestAdminSupportTickets" name="test_get_tickets_filter_by_status_closed" time="0.463" /><testcase classname="tests.test_support_tickets.TestAdminSupportTickets" name="test_get_tickets_pagination" time="0.511" /><testcase classname="tests.test_support_tickets.TestRegressionOrdersAndStreak" name="test_orders_endpoint" time="0.563" /><testcase classname="tests.test_support_tickets.TestRegressionOrdersAndStreak" name="test_streak_endpoint" time="0.470" /><testcase classname="tests.test_support_tickets.TestRegressionOrdersAndStreak" name="test_push_register_endpoint" time="0.441" /></testsuite></testsuites>